2024-03-18 22:15:45,059 - root - INFO - Processing baseline image
2024-03-18 22:15:45,134 - root - INFO - Processing image to compare
2024-03-18 22:15:45,254 - volatility3.framework.automagic - INFO - Detected a windows category plugin
2024-03-18 22:15:45,256 - volatility3.framework.automagic - INFO - Running automagic: ConstructionMagic
2024-03-18 22:15:45,701 - volatility3.framework.automagic - INFO - Running automagic: SymbolCacheMagic
2024-03-18 22:15:45,718 - volatility3.framework.automagic - INFO - Running automagic: LayerStacker
2024-03-18 22:15:45,740 - volatility3.framework.automagic.linux - INFO - No Linux banners found - if this is a linux plugin, please check your symbol files location
2024-03-18 22:15:45,740 - volatility3.framework.automagic.mac - INFO - No Mac banners found - if this is a mac plugin, please check your symbol files location
2024-03-18 22:15:45,833 - volatility3.framework.automagic - INFO - Running automagic: WinSwapLayers
2024-03-18 22:15:45,833 - volatility3.framework.automagic - INFO - Running automagic: KernelPDBScanner
2024-03-18 22:15:48,094 - volatility3.schemas - INFO - Dependency for validation unavailable: jsonschema
2024-03-18 22:15:48,096 - volatility3.framework.automagic - INFO - Running automagic: SymbolFinder
2024-03-18 22:15:48,097 - volatility3.framework.automagic - INFO - Running automagic: KernelModule
2024-03-18 22:15:48,098 - volatility3.framework.automagic - INFO - Running automagic: ConstructionMagic
2024-03-18 22:15:48,100 - volatility3.framework.automagic - INFO - Running automagic: SymbolCacheMagic
2024-03-18 22:15:48,117 - volatility3.framework.automagic - INFO - Running automagic: LayerStacker
2024-03-18 22:15:48,119 - volatility3.framework.automagic - INFO - Running automagic: WinSwapLayers
2024-03-18 22:15:48,120 - volatility3.framework.automagic - INFO - Running automagic: KernelPDBScanner
2024-03-18 22:15:48,120 - volatility3.framework.automagic - INFO - Running automagic: SymbolFinder
2024-03-18 22:15:48,120 - volatility3.framework.automagic - INFO - Running automagic: KernelModule
2024-03-18 22:15:48,370 - BaselineProcess - WARNING - Process commandline could not be extracted! (4)(PagedInvalidAddressException)(Page Fault at entry 0x0 in table page directory)
2024-03-18 22:15:48,390 - BaselineDll - WARNING - DLL name cannot be extracted! (0x7ff83df00000)(PagedInvalidAddressException)(Page Fault at entry 0xd086a41a29400400 in page entry)
2024-03-18 22:15:48,391 - BaselineProcess - WARNING - Dll skipped! (388)(0x7ff83df00000)(Exception)(DLL name cannot be extracted! (0x7ff83df00000)(PagedInvalidAddressException)(Page Fault at entry 0xd086a41a29400400 in page entry))
2024-03-18 22:15:48,393 - BaselineProcess - WARNING - Process commandline could not be extracted! (540)(PagedInvalidAddressException)(Page Fault at entry 0x0 in table page directory pointer)
2024-03-18 22:15:48,403 - BaselineDll - WARNING - DLL name cannot be extracted! (0x7ff83df00000)(PagedInvalidAddressException)(Page Fault at entry 0xd086a41a29400400 in page entry)
2024-03-18 22:15:48,404 - BaselineProcess - WARNING - Dll skipped! (552)(0x7ff83df00000)(Exception)(DLL name cannot be extracted! (0x7ff83df00000)(PagedInvalidAddressException)(Page Fault at entry 0xd086a41a29400400 in page entry))
2024-03-18 22:15:48,434 - BaselineProcess - WARNING - Process commandline could not be extracted! (624)(PagedInvalidAddressException)(Page Fault at entry 0x0 in table page directory pointer)
2024-03-18 22:15:48,445 - BaselineDll - WARNING - DLL name cannot be extracted! (0x7ff83df00000)(PagedInvalidAddressException)(Page Fault at entry 0xd086a41a29400400 in page entry)
2024-03-18 22:15:48,445 - BaselineProcess - WARNING - Dll skipped! (632)(0x7ff83df00000)(Exception)(DLL name cannot be extracted! (0x7ff83df00000)(PagedInvalidAddressException)(Page Fault at entry 0xd086a41a29400400 in page entry))
2024-03-18 22:15:48,560 - BaselineDll - WARNING - DLL name cannot be extracted! (0x7ff83df00000)(PagedInvalidAddressException)(Page Fault at entry 0xd086a41a29400400 in page entry)
2024-03-18 22:15:48,560 - BaselineProcess - WARNING - Dll skipped! (648)(0x7ff83df00000)(Exception)(DLL name cannot be extracted! (0x7ff83df00000)(PagedInvalidAddressException)(Page Fault at entry 0xd086a41a29400400 in page entry))
2024-03-18 22:15:49,116 - BaselineDll - WARNING - DLL name cannot be extracted! (0x7ff83df00000)(PagedInvalidAddressException)(Page Fault at entry 0xd086a41a29400400 in page entry)
2024-03-18 22:15:49,117 - BaselineProcess - WARNING - Dll skipped! (988)(0x7ff83df00000)(Exception)(DLL name cannot be extracted! (0x7ff83df00000)(PagedInvalidAddressException)(Page Fault at entry 0xd086a41a29400400 in page entry))
2024-03-18 22:15:50,009 - BaselineDll - WARNING - DLL name cannot be extracted! (0x7ff836ae0000)(SwappedInvalidAddressException)()
2024-03-18 22:15:50,009 - BaselineProcess - WARNING - Dll skipped! (848)(0x7ff836ae0000)(Exception)(DLL name cannot be extracted! (0x7ff836ae0000)(SwappedInvalidAddressException)())
2024-03-18 22:15:50,033 - BaselineDll - WARNING - DLL name cannot be extracted! (0x7ff839680000)(SwappedInvalidAddressException)()
2024-03-18 22:15:50,034 - BaselineProcess - WARNING - Dll skipped! (848)(0x7ff839680000)(Exception)(DLL name cannot be extracted! (0x7ff839680000)(SwappedInvalidAddressException)())
2024-03-18 22:15:50,140 - BaselineDll - WARNING - DLL name cannot be extracted! (0x7ff83a180000)(SwappedInvalidAddressException)()
2024-03-18 22:15:50,141 - BaselineProcess - WARNING - Dll skipped! (692)(0x7ff83a180000)(Exception)(DLL name cannot be extracted! (0x7ff83a180000)(SwappedInvalidAddressException)())
2024-03-18 22:15:50,477 - BaselineDll - WARNING - DLL name cannot be extracted! (0x7ff83df00000)(PagedInvalidAddressException)(Page Fault at entry 0xd086a41a29400400 in page entry)
2024-03-18 22:15:50,477 - BaselineProcess - WARNING - Dll skipped! (1072)(0x7ff83df00000)(Exception)(DLL name cannot be extracted! (0x7ff83df00000)(PagedInvalidAddressException)(Page Fault at entry 0xd086a41a29400400 in page entry))
2024-03-18 22:15:50,871 - BaselineDll - WARNING - DLL name cannot be extracted! (0x7ff832530000)(SwappedInvalidAddressException)()
2024-03-18 22:15:50,871 - BaselineProcess - WARNING - Dll skipped! (1152)(0x7ff832530000)(Exception)(DLL name cannot be extracted! (0x7ff832530000)(SwappedInvalidAddressException)())
2024-03-18 22:15:50,874 - BaselineDll - WARNING - DLL name cannot be extracted! (0x7ff839850000)(SwappedInvalidAddressException)()
2024-03-18 22:15:50,874 - BaselineProcess - WARNING - Dll skipped! (1152)(0x7ff839850000)(Exception)(DLL name cannot be extracted! (0x7ff839850000)(SwappedInvalidAddressException)())
2024-03-18 22:15:50,876 - BaselineDll - WARNING - DLL name cannot be extracted! (0x7ff83b480000)(SwappedInvalidAddressException)()
2024-03-18 22:15:50,876 - BaselineProcess - WARNING - Dll skipped! (1152)(0x7ff83b480000)(Exception)(DLL name cannot be extracted! (0x7ff83b480000)(SwappedInvalidAddressException)())
2024-03-18 22:15:50,880 - BaselineDll - WARNING - DLL name cannot be extracted! (0x7ff8392c0000)(SwappedInvalidAddressException)()
2024-03-18 22:15:50,880 - BaselineProcess - WARNING - Dll skipped! (1152)(0x7ff8392c0000)(Exception)(DLL name cannot be extracted! (0x7ff8392c0000)(SwappedInvalidAddressException)())
2024-03-18 22:15:51,023 - BaselineProcess - WARNING - Process commandline could not be extracted! (1484)(PagedInvalidAddressException)(Page Fault at entry 0x0 in page entry)
2024-03-18 22:15:51,300 - BaselineDll - WARNING - DLL name cannot be extracted! (0x7ff821ee0000)(SwappedInvalidAddressException)()
2024-03-18 22:15:51,300 - BaselineProcess - WARNING - Dll skipped! (1696)(0x7ff821ee0000)(Exception)(DLL name cannot be extracted! (0x7ff821ee0000)(SwappedInvalidAddressException)())
2024-03-18 22:15:51,316 - BaselineDll - WARNING - DLL name cannot be extracted! (0x7ff83df00000)(PagedInvalidAddressException)(Page Fault at entry 0xd086a41a29400400 in page entry)
2024-03-18 22:15:51,316 - BaselineProcess - WARNING - Dll skipped! (1812)(0x7ff83df00000)(Exception)(DLL name cannot be extracted! (0x7ff83df00000)(PagedInvalidAddressException)(Page Fault at entry 0xd086a41a29400400 in page entry))
2024-03-18 22:15:51,371 - BaselineDll - WARNING - DLL name cannot be extracted! (0x7ff83df00000)(PagedInvalidAddressException)(Page Fault at entry 0xd086a41a29400400 in page entry)
2024-03-18 22:15:51,371 - BaselineProcess - WARNING - Dll skipped! (1844)(0x7ff83df00000)(Exception)(DLL name cannot be extracted! (0x7ff83df00000)(PagedInvalidAddressException)(Page Fault at entry 0xd086a41a29400400 in page entry))
2024-03-18 22:15:51,386 - BaselineDll - WARNING - DLL name cannot be extracted! (0x7ff83cd60000)(SwappedInvalidAddressException)()
2024-03-18 22:15:51,386 - BaselineProcess - WARNING - Dll skipped! (1844)(0x7ff83cd60000)(Exception)(DLL name cannot be extracted! (0x7ff83cd60000)(SwappedInvalidAddressException)())
2024-03-18 22:15:51,387 - BaselineDll - WARNING - DLL name cannot be extracted! (0x7ff83b4c0000)(SwappedInvalidAddressException)()
2024-03-18 22:15:51,387 - BaselineProcess - WARNING - Dll skipped! (1844)(0x7ff83b4c0000)(Exception)(DLL name cannot be extracted! (0x7ff83b4c0000)(SwappedInvalidAddressException)())
2024-03-18 22:15:51,388 - BaselineDll - WARNING - DLL name cannot be extracted! (0x7ff83a9d0000)(SwappedInvalidAddressException)()
2024-03-18 22:15:51,389 - BaselineProcess - WARNING - Dll skipped! (1844)(0x7ff83a9d0000)(Exception)(DLL name cannot be extracted! (0x7ff83a9d0000)(SwappedInvalidAddressException)())
2024-03-18 22:15:51,390 - BaselineDll - WARNING - DLL name cannot be extracted! (0x7ff83dc60000)(SwappedInvalidAddressException)()
2024-03-18 22:15:51,390 - BaselineProcess - WARNING - Dll skipped! (1844)(0x7ff83dc60000)(Exception)(DLL name cannot be extracted! (0x7ff83dc60000)(SwappedInvalidAddressException)())
2024-03-18 22:15:51,451 - BaselineDll - WARNING - DLL name cannot be extracted! (0x7ff83df00000)(PagedInvalidAddressException)(Page Fault at entry 0xd086a41a29400400 in page entry)
2024-03-18 22:15:51,451 - BaselineProcess - WARNING - Dll skipped! (1868)(0x7ff83df00000)(Exception)(DLL name cannot be extracted! (0x7ff83df00000)(PagedInvalidAddressException)(Page Fault at entry 0xd086a41a29400400 in page entry))
2024-03-18 22:15:51,516 - BaselineDll - WARNING - DLL name cannot be extracted! (0x7ff83df00000)(PagedInvalidAddressException)(Page Fault at entry 0xd086a41a29400400 in page entry)
2024-03-18 22:15:51,516 - BaselineProcess - WARNING - Dll skipped! (1040)(0x7ff83df00000)(Exception)(DLL name cannot be extracted! (0x7ff83df00000)(PagedInvalidAddressException)(Page Fault at entry 0xd086a41a29400400 in page entry))
2024-03-18 22:15:51,651 - BaselineDll - WARNING - DLL name cannot be extracted! (0x7ff818f50000)(SwappedInvalidAddressException)()
2024-03-18 22:15:51,652 - BaselineProcess - WARNING - Dll skipped! (1040)(0x7ff818f50000)(Exception)(DLL name cannot be extracted! (0x7ff818f50000)(SwappedInvalidAddressException)())
2024-03-18 22:15:52,191 - BaselineDll - WARNING - DLL name cannot be extracted! (0x7ff83df00000)(PagedInvalidAddressException)(Page Fault at entry 0xd086a41a29400400 in page entry)
2024-03-18 22:15:52,191 - BaselineProcess - WARNING - Dll skipped! (2196)(0x7ff83df00000)(Exception)(DLL name cannot be extracted! (0x7ff83df00000)(PagedInvalidAddressException)(Page Fault at entry 0xd086a41a29400400 in page entry))
2024-03-18 22:15:52,342 - BaselineDll - WARNING - DLL name cannot be extracted! (0x7ff83df00000)(PagedInvalidAddressException)(Page Fault at entry 0xd086a41a29400400 in page entry)
2024-03-18 22:15:52,342 - BaselineProcess - WARNING - Dll skipped! (2204)(0x7ff83df00000)(Exception)(DLL name cannot be extracted! (0x7ff83df00000)(PagedInvalidAddressException)(Page Fault at entry 0xd086a41a29400400 in page entry))
2024-03-18 22:15:52,462 - BaselineDll - WARNING - DLL name cannot be extracted! (0x7ff832280000)(SwappedInvalidAddressException)()
2024-03-18 22:15:52,462 - BaselineProcess - WARNING - Dll skipped! (2228)(0x7ff832280000)(Exception)(DLL name cannot be extracted! (0x7ff832280000)(SwappedInvalidAddressException)())
2024-03-18 22:15:53,311 - BaselineProcess - WARNING - Process commandline could not be extracted! (2572)(PagedInvalidAddressException)(Page Fault at entry 0x0 in table page directory pointer)
2024-03-18 22:15:54,060 - BaselineDll - WARNING - DLL name cannot be extracted! (0x7ff83df00000)(PagedInvalidAddressException)(Page Fault at entry 0xd086a41a29400400 in page entry)
2024-03-18 22:15:54,061 - BaselineProcess - WARNING - Dll skipped! (4332)(0x7ff83df00000)(Exception)(DLL name cannot be extracted! (0x7ff83df00000)(PagedInvalidAddressException)(Page Fault at entry 0xd086a41a29400400 in page entry))
2024-03-18 22:15:54,063 - BaselineProcessList - WARNING - Process skipped! ()
2024-03-18 22:15:54,931 - BaselineProcess - WARNING - Process commandline could not be extracted! (5952)(PagedInvalidAddressException)(Page Fault at entry 0x0 in table page directory pointer)
2024-03-18 22:15:56,206 - BaselineProcess - WARNING - Process commandline could not be extracted! (6664)(PagedInvalidAddressException)(Page Fault at entry 0x0 in table page directory pointer)
2024-03-18 22:15:56,217 - BaselineDll - WARNING - DLL name cannot be extracted! (0x7ff83df00000)(PagedInvalidAddressException)(Page Fault at entry 0xd086a41a29400400 in page entry)
2024-03-18 22:15:56,217 - BaselineProcess - WARNING - Dll skipped! (7136)(0x7ff83df00000)(Exception)(DLL name cannot be extracted! (0x7ff83df00000)(PagedInvalidAddressException)(Page Fault at entry 0xd086a41a29400400 in page entry))
2024-03-18 22:15:56,324 - BaselineProcess - WARNING - Process commandline could not be extracted! (6800)(PagedInvalidAddressException)(Page Fault at entry 0x0 in table page directory pointer)
2024-03-18 22:15:56,329 - BaselineProcess - WARNING - Process commandline could not be extracted! (7096)(PagedInvalidAddressException)(Page Fault at entry 0x0 in table page directory pointer)
2024-03-18 22:15:56,449 - BaselineProcess - WARNING - Process commandline could not be extracted! (8)(PagedInvalidAddressException)(Page Fault at entry 0x0 in table page directory pointer)
2024-03-18 22:15:56,453 - BaselineProcess - WARNING - Process commandline could not be extracted! (7080)(PagedInvalidAddressException)(Page Fault at entry 0x0 in table page directory pointer)
2024-03-18 22:15:56,457 - BaselineProcess - WARNING - Process commandline could not be extracted! (7444)(PagedInvalidAddressException)(Page Fault at entry 0x0 in table page directory pointer)
2024-03-18 22:15:56,462 - BaselineProcess - WARNING - Process commandline could not be extracted! (7656)(PagedInvalidAddressException)(Page Fault at entry 0x0 in table page directory pointer)
2024-03-18 22:15:56,732 - BaselineProcess - WARNING - Process commandline could not be extracted! (7944)(PagedInvalidAddressException)(Page Fault at entry 0x0 in table page directory pointer)
2024-03-18 22:15:56,764 - BaselineProcess - WARNING - Process commandline could not be extracted! (4384)(PagedInvalidAddressException)(Page Fault at entry 0x0 in table page directory pointer)
2024-03-18 22:15:56,768 - BaselineProcess - WARNING - Process commandline could not be extracted! (7392)(PagedInvalidAddressException)(Page Fault at entry 0x0 in table page directory pointer)
2024-03-18 22:15:56,779 - BaselineDll - WARNING - DLL name cannot be extracted! (0x7ff83df00000)(PagedInvalidAddressException)(Page Fault at entry 0xd086a41a29400400 in page entry)
2024-03-18 22:15:56,779 - BaselineProcess - WARNING - Dll skipped! (2284)(0x7ff83df00000)(Exception)(DLL name cannot be extracted! (0x7ff83df00000)(PagedInvalidAddressException)(Page Fault at entry 0xd086a41a29400400 in page entry))
2024-03-18 22:15:56,922 - BaselineDll - WARNING - DLL name cannot be extracted! (0x7ff83a0b0000)(SwappedInvalidAddressException)()
2024-03-18 22:15:56,923 - BaselineProcess - WARNING - Dll skipped! (9152)(0x7ff83a0b0000)(Exception)(DLL name cannot be extracted! (0x7ff83a0b0000)(SwappedInvalidAddressException)())
2024-03-18 22:15:56,924 - BaselineDll - WARNING - DLL name cannot be extracted! (0x7ff8235e0000)(SwappedInvalidAddressException)()
2024-03-18 22:15:56,924 - BaselineProcess - WARNING - Dll skipped! (9152)(0x7ff8235e0000)(Exception)(DLL name cannot be extracted! (0x7ff8235e0000)(SwappedInvalidAddressException)())
2024-03-18 22:15:56,977 - BaselineDll - WARNING - DLL name cannot be extracted! (0x7ff83df00000)(PagedInvalidAddressException)(Page Fault at entry 0xd086a41a29400400 in page entry)
2024-03-18 22:15:56,977 - BaselineProcess - WARNING - Dll skipped! (9088)(0x7ff83df00000)(Exception)(DLL name cannot be extracted! (0x7ff83df00000)(PagedInvalidAddressException)(Page Fault at entry 0xd086a41a29400400 in page entry))
2024-03-18 22:15:57,085 - BaselineDll - WARNING - DLL name cannot be extracted! (0x7ff83df00000)(PagedInvalidAddressException)(Page Fault at entry 0xd086a41a29400400 in page entry)
2024-03-18 22:15:57,085 - BaselineProcess - WARNING - Dll skipped! (7236)(0x7ff83df00000)(Exception)(DLL name cannot be extracted! (0x7ff83df00000)(PagedInvalidAddressException)(Page Fault at entry 0xd086a41a29400400 in page entry))
2024-03-18 22:15:57,472 - BaselineDll - WARNING - DLL name cannot be extracted! (0x7ff83df00000)(PagedInvalidAddressException)(Page Fault at entry 0xd086a41a29400400 in page entry)
2024-03-18 22:15:57,472 - BaselineProcess - WARNING - Dll skipped! (5492)(0x7ff83df00000)(Exception)(DLL name cannot be extracted! (0x7ff83df00000)(PagedInvalidAddressException)(Page Fault at entry 0xd086a41a29400400 in page entry))
2024-03-18 22:15:57,516 - BaselineDll - WARNING - DLL name cannot be extracted! (0x7ff83df00000)(PagedInvalidAddressException)(Page Fault at entry 0xd086a41a29400400 in page entry)
2024-03-18 22:15:57,517 - BaselineProcess - WARNING - Dll skipped! (5064)(0x7ff83df00000)(Exception)(DLL name cannot be extracted! (0x7ff83df00000)(PagedInvalidAddressException)(Page Fault at entry 0xd086a41a29400400 in page entry))
2024-03-18 22:15:57,590 - BaselineDll - WARNING - DLL name cannot be extracted! (0x7ff8359a0000)(SwappedInvalidAddressException)()
2024-03-18 22:15:57,590 - BaselineProcess - WARNING - Dll skipped! (5064)(0x7ff8359a0000)(Exception)(DLL name cannot be extracted! (0x7ff8359a0000)(SwappedInvalidAddressException)())
2024-03-18 22:15:57,954 - BaselineDll - WARNING - DLL name cannot be extracted! (0x7ff83df00000)(PagedInvalidAddressException)(Page Fault at entry 0xd086a41a29400400 in page entry)
2024-03-18 22:15:57,955 - BaselineProcess - WARNING - Dll skipped! (4860)(0x7ff83df00000)(Exception)(DLL name cannot be extracted! (0x7ff83df00000)(PagedInvalidAddressException)(Page Fault at entry 0xd086a41a29400400 in page entry))
2024-03-18 22:15:58,024 - BaselineDll - WARNING - DLL name cannot be extracted! (0x7ff8359a0000)(SwappedInvalidAddressException)()
2024-03-18 22:15:58,024 - BaselineProcess - WARNING - Dll skipped! (4860)(0x7ff8359a0000)(Exception)(DLL name cannot be extracted! (0x7ff8359a0000)(SwappedInvalidAddressException)())
2024-03-18 22:15:58,041 - BaselineDll - WARNING - DLL name cannot be extracted! (0x7ff83cce0000)(SwappedInvalidAddressException)()
2024-03-18 22:15:58,041 - BaselineProcess - WARNING - Dll skipped! (4860)(0x7ff83cce0000)(Exception)(DLL name cannot be extracted! (0x7ff83cce0000)(SwappedInvalidAddressException)())
2024-03-18 22:15:58,046 - BaselineDll - WARNING - DLL name cannot be extracted! (0x7ff83a180000)(SwappedInvalidAddressException)()
2024-03-18 22:15:58,046 - BaselineProcess - WARNING - Dll skipped! (4860)(0x7ff83a180000)(Exception)(DLL name cannot be extracted! (0x7ff83a180000)(SwappedInvalidAddressException)())
2024-03-18 22:15:58,048 - BaselineDll - WARNING - DLL name cannot be extracted! (0x7ff82b020000)(SwappedInvalidAddressException)()
2024-03-18 22:15:58,048 - BaselineProcess - WARNING - Dll skipped! (4860)(0x7ff82b020000)(Exception)(DLL name cannot be extracted! (0x7ff82b020000)(SwappedInvalidAddressException)())
2024-03-18 22:15:58,049 - BaselineDll - WARNING - DLL name cannot be extracted! (0x7ff8298c0000)(SwappedInvalidAddressException)()
2024-03-18 22:15:58,050 - BaselineProcess - WARNING - Dll skipped! (4860)(0x7ff8298c0000)(Exception)(DLL name cannot be extracted! (0x7ff8298c0000)(SwappedInvalidAddressException)())
2024-03-18 22:15:58,051 - BaselineDll - WARNING - DLL name cannot be extracted! (0x7ff827a60000)(SwappedInvalidAddressException)()
2024-03-18 22:15:58,051 - BaselineProcess - WARNING - Dll skipped! (4860)(0x7ff827a60000)(Exception)(DLL name cannot be extracted! (0x7ff827a60000)(SwappedInvalidAddressException)())
2024-03-18 22:15:58,053 - BaselineDll - WARNING - DLL name cannot be extracted! (0x7ff811240000)(SwappedInvalidAddressException)()
2024-03-18 22:15:58,053 - BaselineProcess - WARNING - Dll skipped! (4860)(0x7ff811240000)(Exception)(DLL name cannot be extracted! (0x7ff811240000)(SwappedInvalidAddressException)())
2024-03-18 22:15:58,058 - BaselineDll - WARNING - DLL name cannot be extracted! (0x7ff821f90000)(SwappedInvalidAddressException)()
2024-03-18 22:15:58,058 - BaselineProcess - WARNING - Dll skipped! (4860)(0x7ff821f90000)(Exception)(DLL name cannot be extracted! (0x7ff821f90000)(SwappedInvalidAddressException)())
2024-03-18 22:15:58,061 - BaselineDll - WARNING - DLL name cannot be extracted! (0x7ff83b480000)(SwappedInvalidAddressException)()
2024-03-18 22:15:58,062 - BaselineProcess - WARNING - Dll skipped! (4860)(0x7ff83b480000)(Exception)(DLL name cannot be extracted! (0x7ff83b480000)(SwappedInvalidAddressException)())
2024-03-18 22:15:58,063 - BaselineDll - WARNING - DLL name cannot be extracted! (0x7ff833f50000)(SwappedInvalidAddressException)()
2024-03-18 22:15:58,063 - BaselineProcess - WARNING - Dll skipped! (4860)(0x7ff833f50000)(Exception)(DLL name cannot be extracted! (0x7ff833f50000)(SwappedInvalidAddressException)())
2024-03-18 22:15:58,064 - BaselineDll - WARNING - DLL name cannot be extracted! (0x7ff826860000)(SwappedInvalidAddressException)()
2024-03-18 22:15:58,065 - BaselineProcess - WARNING - Dll skipped! (4860)(0x7ff826860000)(Exception)(DLL name cannot be extracted! (0x7ff826860000)(SwappedInvalidAddressException)())
2024-03-18 22:15:58,066 - BaselineDll - WARNING - DLL name cannot be extracted! (0x7ff829370000)(SwappedInvalidAddressException)()
2024-03-18 22:15:58,066 - BaselineProcess - WARNING - Dll skipped! (4860)(0x7ff829370000)(Exception)(DLL name cannot be extracted! (0x7ff829370000)(SwappedInvalidAddressException)())
2024-03-18 22:15:58,079 - BaselineDll - WARNING - DLL name cannot be extracted! (0x7ff826e00000)(SwappedInvalidAddressException)()
2024-03-18 22:15:58,079 - BaselineProcess - WARNING - Dll skipped! (4860)(0x7ff826e00000)(Exception)(DLL name cannot be extracted! (0x7ff826e00000)(SwappedInvalidAddressException)())
2024-03-18 22:15:58,509 - BaselineProcess - WARNING - Process commandline could not be extracted! (8712)(SwappedInvalidAddressException)()
2024-03-18 22:15:58,791 - BaselineProcess - WARNING - Process commandline could not be extracted! (6768)(PagedInvalidAddressException)(Page Fault at entry 0x0 in table page directory pointer)
2024-03-18 22:15:59,189 - BaselineProcess - WARNING - Process commandline could not be extracted! (5452)(PagedInvalidAddressException)(Page Fault at entry 0x0 in table page directory pointer)
2024-03-18 22:15:59,194 - BaselineProcess - WARNING - Process commandline could not be extracted! (5588)(PagedInvalidAddressException)(Page Fault at entry 0x0 in table page directory pointer)
2024-03-18 22:15:59,340 - BaselineProcess - WARNING - Process commandline could not be extracted! (2216)(PagedInvalidAddressException)(Page Fault at entry 0x0 in table page directory pointer)
2024-03-18 22:15:59,345 - BaselineProcess - WARNING - Process commandline could not be extracted! (4108)(PagedInvalidAddressException)(Page Fault at entry 0x0 in table page directory pointer)
2024-03-18 22:15:59,349 - BaselineProcess - WARNING - Process commandline could not be extracted! (8148)(PagedInvalidAddressException)(Page Fault at entry 0x0 in table page directory pointer)
2024-03-18 22:15:59,354 - BaselineProcess - WARNING - Process commandline could not be extracted! (7792)(PagedInvalidAddressException)(Page Fault at entry 0x0 in table page directory pointer)
2024-03-18 22:15:59,366 - BaselineDll - WARNING - DLL name cannot be extracted! (0x7ff83df00000)(PagedInvalidAddressException)(Page Fault at entry 0xd086a41a29400400 in page entry)
2024-03-18 22:15:59,366 - BaselineProcess - WARNING - Dll skipped! (4976)(0x7ff83df00000)(Exception)(DLL name cannot be extracted! (0x7ff83df00000)(PagedInvalidAddressException)(Page Fault at entry 0xd086a41a29400400 in page entry))
2024-03-18 22:15:59,367 - BaselineDll - WARNING - DLL name cannot be extracted! (0x7ff83b3d0000)(SwappedInvalidAddressException)()
2024-03-18 22:15:59,367 - BaselineProcess - WARNING - Dll skipped! (4976)(0x7ff83b3d0000)(Exception)(DLL name cannot be extracted! (0x7ff83b3d0000)(SwappedInvalidAddressException)())
2024-03-18 22:15:59,371 - BaselineProcess - WARNING - Process commandline could not be extracted! (8200)(PagedInvalidAddressException)(Page Fault at entry 0x0 in table page directory pointer)
2024-03-18 22:15:59,382 - BaselineDll - WARNING - DLL name cannot be extracted! (0x7ff83df00000)(PagedInvalidAddressException)(Page Fault at entry 0xd086a41a29400400 in page entry)
2024-03-18 22:15:59,382 - BaselineProcess - WARNING - Dll skipped! (4048)(0x7ff83df00000)(Exception)(DLL name cannot be extracted! (0x7ff83df00000)(PagedInvalidAddressException)(Page Fault at entry 0xd086a41a29400400 in page entry))
2024-03-18 22:15:59,390 - BaselineDll - WARNING - DLL name cannot be extracted! (0x7ff83b3d0000)(SwappedInvalidAddressException)()
2024-03-18 22:15:59,391 - BaselineProcess - WARNING - Dll skipped! (4048)(0x7ff83b3d0000)(Exception)(DLL name cannot be extracted! (0x7ff83b3d0000)(SwappedInvalidAddressException)())
2024-03-18 22:16:00,278 - BaselineProcess - WARNING - Process commandline could not be extracted! (5768)(PagedInvalidAddressException)(Page Fault at entry 0x0 in table page directory pointer)
2024-03-18 22:16:00,337 - BaselineProcess - WARNING - Process commandline could not be extracted! (1424)(PagedInvalidAddressException)(Page Fault at entry 0x0 in table page directory pointer)
2024-03-18 22:16:00,341 - BaselineProcess - WARNING - Process commandline could not be extracted! (7552)(PagedInvalidAddressException)(Page Fault at entry 0x0 in table page directory pointer)
